# JRE version: OpenJDK Runtime Environment (11.0.10) (build 11.0.10+0-b96-7249189)
# Java VM: OpenJDK 64-Bit Server VM (11.0.10+0-b96-7249189, mixed mode, tiered, compressed oops, g1 gc, windows-amd64)
Heap:
 garbage-first heap   total 155648K, used 27287K [0x0000000084800000, 0x0000000100000000)
  region size 1024K, 5 young (5120K), 5 survivors (5120K)
 Metaspace       used 43979K, capacity 44479K, committed 44620K, reserved 1089536K
  class space    used 5250K, capacity 5419K, committed 5452K, reserved 1048576K
GC Heap History (8 events):
Event: 0.759 GC heap before
{Heap before GC invocations=0 (full 0):
 garbage-first heap   total 126976K, used 17408K [0x0000000084800000, 0x0000000100000000)
  region size 1024K, 14 young (14336K), 0 survivors (0K)
 Metaspace       used 9766K, capacity 9871K, committed 10112K, reserved 1058816K
  class space    used 828K, capacity 884K, committed 896K, reserved 1048576K
}
Event: 0.765 GC heap after
{Heap after GC invocations=1 (full 0):
 garbage-first heap   total 126976K, used 5152K [0x0000000084800000, 0x0000000100000000)
  region size 1024K, 2 young (2048K), 2 survivors (2048K)
 Metaspace       used 9766K, capacity 9871K, committed 10112K, reserved 1058816K
  class space    used 828K, capacity 884K, committed 896K, reserved 1048576K
}
Event: 2.136 GC heap before
{Heap before GC invocations=1 (full 0):
 garbage-first heap   total 126976K, used 51232K [0x0000000084800000, 0x0000000100000000)
  region size 1024K, 48 young (49152K), 2 survivors (2048K)
 Metaspace       used 20966K, capacity 21201K, committed 21248K, reserved 1069056K
  class space    used 2211K, capacity 2297K, committed 2304K, reserved 1048576K
}
Event: 2.160 GC heap after
{Heap after GC invocations=2 (full 0):
 garbage-first heap   total 126976K, used 9477K [0x0000000084800000, 0x0000000100000000)
  region size 1024K, 7 young (7168K), 7 survivors (7168K)
 Metaspace       used 20966K, capacity 21201K, committed 21248K, reserved 1069056K
  class space    used 2211K, capacity 2297K, committed 2304K, reserved 1048576K
}
Event: 5.387 GC heap before
{Heap before GC invocations=3 (full 0):
 garbage-first heap   total 126976K, used 66821K [0x0000000084800000, 0x0000000100000000)
  region size 1024K, 55 young (56320K), 7 survivors (7168K)
 Metaspace       used 30353K, capacity 30803K, committed 30976K, reserved 1077248K
  class space    used 3576K, capacity 3744K, committed 3840K, reserved 1048576K
}
Event: 5.424 GC heap after
{Heap after GC invocations=4 (full 0):
 garbage-first heap   total 126976K, used 24810K [0x0000000084800000, 0x0000000100000000)
  region size 1024K, 7 young (7168K), 7 survivors (7168K)
 Metaspace       used 30353K, capacity 30803K, committed 30976K, reserved 1077248K
  class space    used 3576K, capacity 3744K, committed 3840K, reserved 1048576K
}
Event: 6.152 GC heap before
{Heap before GC invocations=4 (full 0):
 garbage-first heap   total 126976K, used 53482K [0x0000000084800000, 0x0000000100000000)
  region size 1024K, 32 young (32768K), 7 survivors (7168K)
 Metaspace       used 35315K, capacity 35769K, committed 35840K, reserved 1081344K
  class space    used 4143K, capacity 4332K, committed 4352K, reserved 1048576K
}
Event: 6.192 GC heap after
{Heap after GC invocations=5 (full 0):
 garbage-first heap   total 126976K, used 24388K [0x0000000084800000, 0x0000000100000000)
  region size 1024K, 2 young (2048K), 2 survivors (2048K)
 Metaspace       used 35315K, capacity 35769K, committed 35840K, reserved 1081344K
  class space    used 4143K, capacity 4332K, committed 4352K, reserved 1048576K
}

